# JRE version: OpenJDK Runtime Environment (17.0.11) (build 17.0.11+0--11852314)
# Java VM: OpenJDK 64-Bit Server VM (17.0.11+0--11852314, mixed mode, tiered, compressed oops, compressed class ptrs, g1 gc, windows-amd64)
GC Precious Log:
 CPUs: 4 total, 4 available
 Memory: 8044M
 Large Page Support: Disabled
 NUMA Support: Disabled
 Compressed Oops: Enabled (32-bit)
 Heap Region Size: 1M
 Heap Min Capacity: 8M
 Heap Initial Capacity: 126M
 Heap Max Capacity: 2G
 Pre-touch: Disabled
 Parallel Workers: 4
 Concurrent Workers: 1
 Concurrent Refinement Workers: 4
 Periodic GC: Disabled
Heap:
 garbage-first heap   total 86016K, used 50978K [0x0000000080000000, 0x0000000100000000)
  region size 1024K, 24 young (24576K), 4 survivors (4096K)
 Metaspace       used 49936K, committed 50368K, reserved 1114112K
  class space    used 6849K, committed 7040K, reserved 1048576K
GC Heap History (20 events):
Event: 1.143 GC heap before
{Heap before GC invocations=1 (full 0):
 garbage-first heap   total 129024K, used 22581K [0x0000000080000000, 0x0000000100000000)
  region size 1024K, 18 young (18432K), 2 survivors (2048K)
 Metaspace       used 11320K, committed 11520K, reserved 1114112K
  class space    used 1193K, committed 1280K, reserved 1048576K
}
Event: 1.147 GC heap after
{Heap after GC invocations=2 (full 0):
 garbage-first heap   total 129024K, used 10680K [0x0000000080000000, 0x0000000100000000)
  region size 1024K, 3 young (3072K), 3 survivors (3072K)
 Metaspace       used 11320K, committed 11520K, reserved 1114112K
  class space    used 1193K, committed 1280K, reserved 1048576K
}
Event: 1.546 GC heap before
{Heap before GC invocations=2 (full 0):
 garbage-first heap   total 129024K, used 32184K [0x0000000080000000, 0x0000000100000000)
  region size 1024K, 25 young (25600K), 3 survivors (3072K)
 Metaspace       used 11461K, committed 11648K, reserved 1114112K
  class space    used 1197K, committed 1280K, reserved 1048576K
}
Event: 1.549 GC heap after
{Heap after GC invocations=3 (full 0):
 garbage-first heap   total 129024K, used 11421K [0x0000000080000000, 0x0000000100000000)
  region size 1024K, 1 young (1024K), 1 survivors (1024K)
 Metaspace       used 11461K, committed 11648K, reserved 1114112K
  class space    used 1197K, committed 1280K, reserved 1048576K
}
Event: 2.674 GC heap before
{Heap before GC invocations=3 (full 0):
 garbage-first heap   total 129024K, used 60573K [0x0000000080000000, 0x0000000100000000)
  region size 1024K, 49 young (50176K), 1 survivors (1024K)
 Metaspace       used 21258K, committed 21504K, reserved 1114112K
  class space    used 2489K, committed 2624K, reserved 1048576K
}
Event: 2.680 GC heap after
{Heap after GC invocations=4 (full 0):
 garbage-first heap   total 129024K, used 19216K [0x0000000080000000, 0x0000000100000000)
  region size 1024K, 9 young (9216K), 9 survivors (9216K)
 Metaspace       used 21258K, committed 21504K, reserved 1114112K
  class space    used 2489K, committed 2624K, reserved 1048576K
}
Event: 3.139 GC heap before
{Heap before GC invocations=5 (full 0):
 garbage-first heap   total 71680K, used 51984K [0x0000000080000000, 0x0000000100000000)
  region size 1024K, 42 young (43008K), 9 survivors (9216K)
 Metaspace       used 26434K, committed 26752K, reserved 1114112K
  class space    used 3373K, committed 3520K, reserved 1048576K
}
Event: 3.146 GC heap after
{Heap after GC invocations=6 (full 0):
 garbage-first heap   total 71680K, used 21061K [0x0000000080000000, 0x0000000100000000)
  region size 1024K, 2 young (2048K), 2 survivors (2048K)
 Metaspace       used 26434K, committed 26752K, reserved 1114112K
  class space    used 3373K, committed 3520K, reserved 1048576K
}
Event: 3.556 GC heap before
{Heap before GC invocations=6 (full 0):
 garbage-first heap   total 71680K, used 49733K [0x0000000080000000, 0x0000000100000000)
  region size 1024K, 31 young (31744K), 2 survivors (2048K)
 Metaspace       used 30434K, committed 30784K, reserved 1114112K
  class space    used 4037K, committed 4224K, reserved 1048576K
}
Event: 3.561 GC heap after
{Heap after GC invocations=7 (full 0):
 garbage-first heap   total 71680K, used 22647K [0x0000000080000000, 0x0000000100000000)
  region size 1024K, 4 young (4096K), 4 survivors (4096K)
 Metaspace       used 30434K, committed 30784K, reserved 1114112K
  class space    used 4037K, committed 4224K, reserved 1048576K
}
Event: 4.063 GC heap before
{Heap before GC invocations=7 (full 0):
 garbage-first heap   total 71680K, used 52343K [0x0000000080000000, 0x0000000100000000)
  region size 1024K, 33 young (33792K), 4 survivors (4096K)
 Metaspace       used 34098K, committed 34432K, reserved 1114112K
  class space    used 4641K, committed 4800K, reserved 1048576K
}
Event: 4.069 GC heap after
{Heap after GC invocations=8 (full 0):
 garbage-first heap   total 71680K, used 23885K [0x0000000080000000, 0x0000000100000000)
  region size 1024K, 3 young (3072K), 3 survivors (3072K)
 Metaspace       used 34098K, committed 34432K, reserved 1114112K
  class space    used 4641K, committed 4800K, reserved 1048576K
}
Event: 4.237 GC heap before
{Heap before GC invocations=8 (full 0):
 garbage-first heap   total 71680K, used 34125K [0x0000000080000000, 0x0000000100000000)
  region size 1024K, 14 young (14336K), 3 survivors (3072K)
 Metaspace       used 35787K, committed 36096K, reserved 1114112K
  class space    used 4879K, committed 5056K, reserved 1048576K
}
Event: 4.241 GC heap after
{Heap after GC invocations=9 (full 0):
 garbage-first heap   total 71680K, used 24377K [0x0000000080000000, 0x0000000100000000)
  region size 1024K, 2 young (2048K), 2 survivors (2048K)
 Metaspace       used 35787K, committed 36096K, reserved 1114112K
  class space    used 4879K, committed 5056K, reserved 1048576K
}
Event: 4.769 GC heap before
{Heap before GC invocations=10 (full 0):
 garbage-first heap   total 71680K, used 55097K [0x0000000080000000, 0x0000000100000000)
  region size 1024K, 33 young (33792K), 2 survivors (2048K)
 Metaspace       used 41292K, committed 41600K, reserved 1114112K
  class space    used 5469K, committed 5632K, reserved 1048576K
}
Event: 4.775 GC heap after
{Heap after GC invocations=11 (full 0):
 garbage-first heap   total 71680K, used 28214K [0x0000000080000000, 0x0000000100000000)
  region size 1024K, 5 young (5120K), 5 survivors (5120K)
 Metaspace       used 41292K, committed 41600K, reserved 1114112K
  class space    used 5469K, committed 5632K, reserved 1048576K
}
Event: 5.036 GC heap before
{Heap before GC invocations=11 (full 0):
 garbage-first heap   total 71680K, used 55862K [0x0000000080000000, 0x0000000100000000)
  region size 1024K, 32 young (32768K), 5 survivors (5120K)
 Metaspace       used 42425K, committed 42816K, reserved 1114112K
  class space    used 5649K, committed 5824K, reserved 1048576K
}
Event: 5.042 GC heap after
{Heap after GC invocations=12 (full 0):
 garbage-first heap   total 86016K, used 29328K [0x0000000080000000, 0x0000000100000000)
  region size 1024K, 2 young (2048K), 2 survivors (2048K)
 Metaspace       used 42425K, committed 42816K, reserved 1114112K
  class space    used 5649K, committed 5824K, reserved 1048576K
}
Event: 5.636 GC heap before
{Heap before GC invocations=12 (full 0):
 garbage-first heap   total 86016K, used 66192K [0x0000000080000000, 0x0000000100000000)
  region size 1024K, 38 young (38912K), 2 survivors (2048K)
 Metaspace       used 47112K, committed 47616K, reserved 1114112K
  class space    used 6415K, committed 6656K, reserved 1048576K
}
Event: 5.641 GC heap after
{Heap after GC invocations=13 (full 0):
 garbage-first heap   total 86016K, used 31522K [0x0000000080000000, 0x0000000100000000)
  region size 1024K, 4 young (4096K), 4 survivors (4096K)
 Metaspace       used 47112K, committed 47616K, reserved 1114112K
  class space    used 6415K, committed 6656K, reserved 1048576K
}

