# JRE version: OpenJDK Runtime Environment (17.0.11) (build 17.0.11+0--11852314)
# Java VM: OpenJDK 64-Bit Server VM (17.0.11+0--11852314, mixed mode, tiered, compressed oops, compressed class ptrs, g1 gc, windows-amd64)
GC Precious Log:
 CPUs: 4 total, 4 available
 Memory: 8044M
 Large Page Support: Disabled
 NUMA Support: Disabled
 Compressed Oops: Enabled (32-bit)
 Heap Region Size: 1M
 Heap Min Capacity: 8M
 Heap Initial Capacity: 126M
 Heap Max Capacity: 2G
 Pre-touch: Disabled
 Parallel Workers: 4
 Concurrent Workers: 1
 Concurrent Refinement Workers: 4
 Periodic GC: Disabled
Heap:
 garbage-first heap   total 129024K, used 63369K [0x0000000080000000, 0x0000000100000000)
  region size 1024K, 1 young (1024K), 1 survivors (1024K)
 Metaspace       used 60126K, committed 60736K, reserved 1114112K
  class space    used 8210K, committed 8512K, reserved 1048576K
GC Heap History (20 events):
Event: 5.343 GC heap after
{Heap after GC invocations=14 (full 0):
 garbage-first heap   total 82944K, used 33433K [0x0000000080000000, 0x0000000100000000)
  region size 1024K, 4 young (4096K), 4 survivors (4096K)
 Metaspace       used 49402K, committed 49856K, reserved 1114112K
  class space    used 6767K, committed 6976K, reserved 1048576K
}
Event: 5.843 GC heap before
{Heap before GC invocations=14 (full 0):
 garbage-first heap   total 82944K, used 66201K [0x0000000080000000, 0x0000000100000000)
  region size 1024K, 34 young (34816K), 4 survivors (4096K)
 Metaspace       used 53479K, committed 53952K, reserved 1114112K
  class space    used 7334K, committed 7552K, reserved 1048576K
}
Event: 5.848 GC heap after
{Heap after GC invocations=15 (full 0):
 garbage-first heap   total 82944K, used 34769K [0x0000000080000000, 0x0000000100000000)
  region size 1024K, 4 young (4096K), 4 survivors (4096K)
 Metaspace       used 53479K, committed 53952K, reserved 1114112K
  class space    used 7334K, committed 7552K, reserved 1048576K
}
Event: 6.674 GC heap before
{Heap before GC invocations=15 (full 0):
 garbage-first heap   total 82944K, used 64465K [0x0000000080000000, 0x0000000100000000)
  region size 1024K, 34 young (34816K), 4 survivors (4096K)
 Metaspace       used 56089K, committed 56640K, reserved 1114112K
  class space    used 7673K, committed 7936K, reserved 1048576K
}
Event: 6.683 GC heap after
{Heap after GC invocations=16 (full 0):
 garbage-first heap   total 82944K, used 38150K [0x0000000080000000, 0x0000000100000000)
  region size 1024K, 5 young (5120K), 5 survivors (5120K)
 Metaspace       used 56089K, committed 56640K, reserved 1114112K
  class space    used 7673K, committed 7936K, reserved 1048576K
}
Event: 7.106 GC heap before
{Heap before GC invocations=16 (full 0):
 garbage-first heap   total 82944K, used 64774K [0x0000000080000000, 0x0000000100000000)
  region size 1024K, 32 young (32768K), 5 survivors (5120K)
 Metaspace       used 56694K, committed 57216K, reserved 1114112K
  class space    used 7731K, committed 8000K, reserved 1048576K
}
Event: 7.118 GC heap after
{Heap after GC invocations=17 (full 0):
 garbage-first heap   total 82944K, used 41354K [0x0000000080000000, 0x0000000100000000)
  region size 1024K, 4 young (4096K), 4 survivors (4096K)
 Metaspace       used 56694K, committed 57216K, reserved 1114112K
  class space    used 7731K, committed 8000K, reserved 1048576K
}
Event: 7.336 GC heap before
{Heap before GC invocations=17 (full 0):
 garbage-first heap   total 82944K, used 55690K [0x0000000080000000, 0x0000000100000000)
  region size 1024K, 19 young (19456K), 4 survivors (4096K)
 Metaspace       used 57084K, committed 57664K, reserved 1114112K
  class space    used 7770K, committed 8064K, reserved 1048576K
}
Event: 7.342 GC heap after
{Heap after GC invocations=18 (full 0):
 garbage-first heap   total 100352K, used 41889K [0x0000000080000000, 0x0000000100000000)
  region size 1024K, 3 young (3072K), 3 survivors (3072K)
 Metaspace       used 57084K, committed 57664K, reserved 1114112K
  class space    used 7770K, committed 8064K, reserved 1048576K
}
Event: 7.374 GC heap before
{Heap before GC invocations=18 (full 0):
 garbage-first heap   total 100352K, used 50081K [0x0000000080000000, 0x0000000100000000)
  region size 1024K, 6 young (6144K), 3 survivors (3072K)
 Metaspace       used 57125K, committed 57728K, reserved 1114112K
  class space    used 7778K, committed 8064K, reserved 1048576K
}
Event: 7.379 GC heap after
{Heap after GC invocations=19 (full 0):
 garbage-first heap   total 100352K, used 49745K [0x0000000080000000, 0x0000000100000000)
  region size 1024K, 4 young (4096K), 4 survivors (4096K)
 Metaspace       used 57125K, committed 57728K, reserved 1114112K
  class space    used 7778K, committed 8064K, reserved 1048576K
}
Event: 7.703 GC heap before
{Heap before GC invocations=20 (full 0):
 garbage-first heap   total 100352K, used 77393K [0x0000000080000000, 0x0000000100000000)
  region size 1024K, 24 young (24576K), 4 survivors (4096K)
 Metaspace       used 58041K, committed 58560K, reserved 1114112K
  class space    used 7940K, committed 8192K, reserved 1048576K
}
Event: 7.709 GC heap after
{Heap after GC invocations=21 (full 0):
 garbage-first heap   total 100352K, used 62155K [0x0000000080000000, 0x0000000100000000)
  region size 1024K, 3 young (3072K), 3 survivors (3072K)
 Metaspace       used 58041K, committed 58560K, reserved 1114112K
  class space    used 7940K, committed 8192K, reserved 1048576K
}
Event: 7.719 GC heap before
{Heap before GC invocations=21 (full 0):
 garbage-first heap   total 100352K, used 62155K [0x0000000080000000, 0x0000000100000000)
  region size 1024K, 4 young (4096K), 3 survivors (3072K)
 Metaspace       used 58104K, committed 58688K, reserved 1114112K
  class space    used 7948K, committed 8256K, reserved 1048576K
}
Event: 7.721 GC heap after
{Heap after GC invocations=22 (full 0):
 garbage-first heap   total 100352K, used 61770K [0x0000000080000000, 0x0000000100000000)
  region size 1024K, 1 young (1024K), 1 survivors (1024K)
 Metaspace       used 58104K, committed 58688K, reserved 1114112K
  class space    used 7948K, committed 8256K, reserved 1048576K
}
Event: 7.776 GC heap before
{Heap before GC invocations=22 (full 0):
 garbage-first heap   total 100352K, used 67914K [0x0000000080000000, 0x0000000100000000)
  region size 1024K, 9 young (9216K), 1 survivors (1024K)
 Metaspace       used 58608K, committed 59136K, reserved 1114112K
  class space    used 7996K, committed 8256K, reserved 1048576K
}
Event: 7.777 GC heap after
{Heap after GC invocations=23 (full 0):
 garbage-first heap   total 100352K, used 62250K [0x0000000080000000, 0x0000000100000000)
  region size 1024K, 1 young (1024K), 1 survivors (1024K)
 Metaspace       used 58608K, committed 59136K, reserved 1114112K
  class space    used 7996K, committed 8256K, reserved 1048576K
}
Event: 8.017 GC heap before
{Heap before GC invocations=24 (full 0):
 garbage-first heap   total 119808K, used 78634K [0x0000000080000000, 0x0000000100000000)
  region size 1024K, 16 young (16384K), 1 survivors (1024K)
 Metaspace       used 59808K, committed 60416K, reserved 1114112K
  class space    used 8155K, committed 8448K, reserved 1048576K
}
Event: 8.020 GC heap after
{Heap after GC invocations=25 (full 0):
 garbage-first heap   total 119808K, used 63606K [0x0000000080000000, 0x0000000100000000)
  region size 1024K, 1 young (1024K), 1 survivors (1024K)
 Metaspace       used 59808K, committed 60416K, reserved 1114112K
  class space    used 8155K, committed 8448K, reserved 1048576K
}
Event: 8.067 GC heap before
{Heap before GC invocations=25 (full 0):
 garbage-first heap   total 119808K, used 67702K [0x0000000080000000, 0x0000000100000000)
  region size 1024K, 5 young (5120K), 1 survivors (1024K)
 Metaspace       used 60126K, committed 60736K, reserved 1114112K
  class space    used 8210K, committed 8512K, reserved 1048576K
}

